<?xml version="1.0" encoding="UTF-8"?>
<testsuite xmlns:xsi="http://www.w3.org/2001/XMLSchema-instance" xsi:noNamespaceSchemaLocation="https://maven.apache.org/surefire/maven-surefire-plugin/xsd/surefire-test-report-3.0.xsd" version="3.0" name="TestSuite" time="23.297" tests="1" errors="0" skipped="0" failures="0">
  <properties>
[...]
</properties>
  <testcase name="ProductSelection" classname="testCases.TC_ProductSelection" time="19.101">
    <system-out><![CDATA[Resolution : 4K Ultra HD (3840 x 2160) Resolution || Refresh Rate : 100 Hertz
Connectivity: 4 HDMI ports to connect set top box || Blu-ray speakers or a gaming console || 2 USB ports to connect hard drives or other USB devices
Sound: 60 Watts Output - 4.2.2 Ch|| Powerful Speakers with Dolby Atmos || Surround Sound || Active Voice Amplifier || Adaptive Sound+
Smart TV Features : Mirroring || Tap View ||Multi-View || Music Wall || Mobile Camera Support || Wireless Dex || Auto Game Mode (ALLM) || Game Motion Plus || Dynamic Black EQ || Surround Sound || Super Ultra Wide Game View ||Mini Map Zoom || FreeSync Premium Pro || HGiG
Display: Matte Display || One Billion Color || PQI 4600 || 100% Colour Volume with Quantum Dot || Wide Viewing Angle || AI Upscale || Neo Quantum Processor 4K || Quantum Matrix Technology || Motion Xcelerator Turbo Pro || Real Depth Enhancer || LED Clear Motion
Warranty Information: 1 year comprehensive warranty plus additional 1 years on panel by brand from date of invoice
Installation: TV Table stand is not included in the box with this model. customer may ask for Table Top Stand or Wall Mount which will be provided to the customer at the time of installation, please directly call Samsung support on [Please visit brand website for tollfree numbers] and provide product's model name as well as seller's details mentioned on the invoice
Easy Returns: This product is eligible for replacement within 10 days of delivery in case of any product defects, damage or features not matching the description
]]></system-out>
    <system-err><![CDATA[SLF4J: Failed to load class "org.slf4j.impl.StaticLoggerBinder".
SLF4J: Defaulting to no-operation (NOP) logger implementation
SLF4J: See http://www.slf4j.org/codes.html#StaticLoggerBinder for further details.
Starting ChromeDriver 108.0.5359.71 (1e0e3868ee06e91ad636a874420e3ca3ae3756ac-refs/branch-heads/5359@{#1016}) on port 29427
Only local connections are allowed.
Please see https://chromedriver.chromium.org/security-considerations for suggestions on keeping ChromeDriver safe.
ChromeDriver was started successfully.
]]></system-err>
  </testcase>
</testsuite>