<?xml version="1.0" encoding="UTF-8"?>
<testng-results ignored="0" total="1" passed="1" failed="0" skipped="0">
  <reporter-output>
  </reporter-output>
  <suite started-at="2022-12-26T15:25:35 PKT" name="All Test Suite" finished-at="2022-12-26T15:25:52 PKT" duration-ms="17669">
    <groups>
    </groups>
    <test started-at="2022-12-26T15:25:35 PKT" name="/Users/zeeshan/ClipboardAssessment" finished-at="2022-12-26T15:25:52 PKT" duration-ms="17669">
      <class name="testCases.TC_ProductSelection">
        <test-method is-config="true" signature="initializeBrowser()[pri:0, instance:testCases.TC_ProductSelection@6d2a209c]" started-at="2022-12-26T15:25:35 PKT" name="initializeBrowser" finished-at="2022-12-26T15:25:37 PKT" duration-ms="2569" status="PASS">
          <reporter-output>
          </reporter-output>
        </test-method> <!-- initializeBrowser -->
        <test-method signature="ProductSelection()[pri:0, instance:testCases.TC_ProductSelection@6d2a209c]" started-at="2022-12-26T15:25:37 PKT" name="ProductSelection" finished-at="2022-12-26T15:25:52 PKT" duration-ms="14807" status="PASS">
          <reporter-output>
          </reporter-output>
        </test-method> <!-- ProductSelection -->
        <test-method is-config="true" signature="tearDown()[pri:0, instance:testCases.TC_ProductSelection@6d2a209c]" started-at="2022-12-26T15:25:52 PKT" name="tearDown" finished-at="2022-12-26T15:25:52 PKT" duration-ms="265" status="PASS">
          <reporter-output>
          </reporter-output>
        </test-method> <!-- tearDown -->
      </class> <!-- testCases.TC_ProductSelection -->
    </test> <!-- /Users/zeeshan/ClipboardAssessment -->
  </suite> <!-- All Test Suite -->
</testng-results>
