<?xml version="1.0" encoding="UTF-8"?>
<testng-results ignored="0" total="1" passed="1" failed="0" skipped="0">
  <reporter-output>
  </reporter-output>
  <suite started-at="2022-12-22T18:13:37 PKT" name="All Test Suite" finished-at="2022-12-22T18:13:59 PKT" duration-ms="22629">
    <groups>
    </groups>
    <test started-at="2022-12-22T18:13:37 PKT" name="/Users/zeeshan/ClipboardAssessment" finished-at="2022-12-22T18:13:59 PKT" duration-ms="22629">
      <class name="testCases.TC_ProductSelection">
        <test-method is-config="true" signature="initializeBrowser()[pri:0, instance:testCases.TC_ProductSelection@229d10bd]" started-at="2022-12-22T18:13:37 PKT" name="initializeBrowser" finished-at="2022-12-22T18:13:40 PKT" duration-ms="3175" status="PASS">
          <reporter-output>
          </reporter-output>
        </test-method> <!-- initializeBrowser -->
        <test-method signature="ProductSelection()[pri:0, instance:testCases.TC_ProductSelection@229d10bd]" started-at="2022-12-22T18:13:40 PKT" name="ProductSelection" finished-at="2022-12-22T18:13:59 PKT" duration-ms="19098" status="PASS">
          <reporter-output>
          </reporter-output>
        </test-method> <!-- ProductSelection -->
        <test-method is-config="true" signature="tearDown()[pri:0, instance:testCases.TC_ProductSelection@229d10bd]" started-at="2022-12-22T18:13:59 PKT" name="tearDown" finished-at="2022-12-22T18:13:59 PKT" duration-ms="328" status="PASS">
          <reporter-output>
          </reporter-output>
        </test-method> <!-- tearDown -->
      </class> <!-- testCases.TC_ProductSelection -->
    </test> <!-- /Users/zeeshan/ClipboardAssessment -->
  </suite> <!-- All Test Suite -->
</testng-results>
