<?xml version="1.0" encoding="UTF-8"?>
<!-- Generated by org.testng.reporters.JUnitXMLReporter -->
<testsuite ignored="0" hostname="Apples-MacBook-Pro.local" failures="0" tests="5" name="/Users/zeeshan/ClipboardAssessment" time="75.722" errors="0" timestamp="2022-12-22T21:14:16 PKT">
  <testcase classname="testCases.TC_ProductSelection" name="ProductSelection" time="15.965"/>
  <testcase classname="testCases.TC_ProductSelection" name="ProductSelection" time="15.819"/>
  <testcase classname="testCases.TC_ProductSelection" name="ProductSelection" time="12.071"/>
  <testcase classname="testCases.TC_ProductSelection" name="ProductSelection" time="13.196"/>
  <testcase classname="testCases.TC_ProductSelection" name="ProductSelection" time="13.507"/>
</testsuite> <!-- /Users/zeeshan/ClipboardAssessment -->
